2020.11.02 16:40:47 INFO  started: Metals version 0.9.4 in workspace 'C:\Users\TURNTABL\Documents\Projects\Scala' for client vscode.
2020.11.02 16:40:51 INFO  time: initialize in 4.37s
2020.11.02 16:41:00 WARN  no build tool detected in workspace 'C:\Users\TURNTABL\Documents\Projects\Scala'. The most common cause for this problem is that the editor was opened in the wrong working directory, for example if you use sbt then the workspace directory should contain build.sbt. 
2020.11.02 16:41:13 INFO  no build target: using presentation compiler with only scala-library
2020.11.02 16:41:13 WARN  no build target for: C:\Users\TURNTABL\Documents\Projects\Scala\hello.scala
2020.11.02 16:41:13 WARN  no build target for: C:\Users\TURNTABL\Documents\Projects\Scala\fahrenheitconversion.scala
Nov 02, 2020 4:41:28 PM org.eclipse.lsp4j.jsonrpc.RemoteEndpoint handleCancellation
WARNING: Unmatched cancel notification for request id 5
Nov 02, 2020 4:41:28 PM org.eclipse.lsp4j.jsonrpc.RemoteEndpoint handleCancellation
WARNING: Unmatched cancel notification for request id 6
Nov 02, 2020 4:51:03 PM org.eclipse.lsp4j.jsonrpc.RemoteEndpoint handleCancellation
WARNING: Unmatched cancel notification for request id 460
2020.11.02 16:57:26 WARN  no build target for: C:\Users\TURNTABL\Documents\Projects\Scala\fahrenheitconversion.scala
2020.11.02 17:00:03 WARN  no build target for: C:\Users\TURNTABL\Documents\Projects\Scala\fahrenheitconversion.scala
2020.11.02 17:00:47 WARN  no build target for: C:\Users\TURNTABL\Documents\Projects\Scala\fahrenheitconversion.scala
2020.11.02 17:02:26 WARN  no build target for: C:\Users\TURNTABL\Documents\Projects\Scala\fahrenheitconversion.scala
2020.11.02 17:30:22 INFO  shutting down Metals
2020.11.03 15:10:49 INFO  started: Metals version 0.9.4 in workspace 'C:\Users\TURNTABL\Documents\Projects\Scala' for client vscode.
2020.11.03 15:10:51 INFO  time: initialize in 1.91s
2020.11.03 15:10:58 WARN  no build tool detected in workspace 'C:\Users\TURNTABL\Documents\Projects\Scala'. The most common cause for this problem is that the editor was opened in the wrong working directory, for example if you use sbt then the workspace directory should contain build.sbt. 
2020.11.03 15:11:08 INFO  no build target: using presentation compiler with only scala-library
2020.11.03 15:11:08 WARN  no build target for: C:\Users\TURNTABL\Documents\Projects\Scala\calculator.scala
Nov 03, 2020 3:11:09 PM org.eclipse.lsp4j.jsonrpc.RemoteEndpoint handleCancellation
WARNING: Unmatched cancel notification for request id 2
Nov 03, 2020 3:11:10 PM org.eclipse.lsp4j.jsonrpc.RemoteEndpoint handleCancellation
WARNING: Unmatched cancel notification for request id 6
Nov 03, 2020 3:22:42 PM org.eclipse.lsp4j.jsonrpc.RemoteEndpoint handleCancellation
WARNING: Unmatched cancel notification for request id 124
Nov 03, 2020 3:22:42 PM org.eclipse.lsp4j.jsonrpc.RemoteEndpoint handleCancellation
WARNING: Unmatched cancel notification for request id 125
Nov 03, 2020 3:26:45 PM org.eclipse.lsp4j.jsonrpc.RemoteEndpoint handleCancellation
WARNING: Unmatched cancel notification for request id 270
Nov 03, 2020 3:27:34 PM org.eclipse.lsp4j.jsonrpc.RemoteEndpoint handleCancellation
WARNING: Unmatched cancel notification for request id 382
Nov 03, 2020 3:27:36 PM org.eclipse.lsp4j.jsonrpc.RemoteEndpoint handleCancellation
WARNING: Unmatched cancel notification for request id 386
Nov 03, 2020 3:27:36 PM org.eclipse.lsp4j.jsonrpc.RemoteEndpoint handleCancellation
WARNING: Unmatched cancel notification for request id 389
Nov 03, 2020 3:27:36 PM org.eclipse.lsp4j.jsonrpc.RemoteEndpoint handleCancellation
WARNING: Unmatched cancel notification for request id 390
Nov 03, 2020 3:27:36 PM org.eclipse.lsp4j.jsonrpc.RemoteEndpoint handleCancellation
WARNING: Unmatched cancel notification for request id 391
